04-Jun-2025 11:46:21.971 INFOS [main] org.apache.catalina.startup.VersionLoggerListener.log Nom version serveur :              Apache Tomcat/9.0.105
04-Jun-2025 11:46:21.989 INFOS [main] org.apache.catalina.startup.VersionLoggerListener.log Serveur compilé :                  May 7 2025 18:36:02 UTC
04-Jun-2025 11:46:21.992 INFOS [main] org.apache.catalina.startup.VersionLoggerListener.log Version du serveur :               9.0.105.0
04-Jun-2025 11:46:21.992 INFOS [main] org.apache.catalina.startup.VersionLoggerListener.log Nom de l'OS :                      Windows 11
04-Jun-2025 11:46:21.992 INFOS [main] org.apache.catalina.startup.VersionLoggerListener.log Version OS :                       10.0
04-Jun-2025 11:46:21.992 INFOS [main] org.apache.catalina.startup.VersionLoggerListener.log Architecture :                     amd64
04-Jun-2025 11:46:21.992 INFOS [main] org.apache.catalina.startup.VersionLoggerListener.log Java Home :                        C:\Users\diego\AppData\Local\Programs\Eclipse Adoptium\jdk-17.0.4.101-hotspot
04-Jun-2025 11:46:21.992 INFOS [main] org.apache.catalina.startup.VersionLoggerListener.log Version JVM :                      17.0.4.1+1
04-Jun-2025 11:46:21.992 INFOS [main] org.apache.catalina.startup.VersionLoggerListener.log Fournisseur de la JVM :            Eclipse Adoptium
04-Jun-2025 11:46:21.992 INFOS [main] org.apache.catalina.startup.VersionLoggerListener.log CATALINA_BASE :                    C:\Users\diego\OneDrive\BACHELOR\Cours\Devoir MmeSans\apache-tomcat-9.0.105
04-Jun-2025 11:46:21.997 INFOS [main] org.apache.catalina.startup.VersionLoggerListener.log CATALINA_HOME :                    C:\Users\diego\OneDrive\BACHELOR\Cours\Devoir MmeSans\apache-tomcat-9.0.105
04-Jun-2025 11:46:22.024 INFOS [main] org.apache.catalina.startup.VersionLoggerListener.log Argument de la ligne de commande : --add-opens=java.base/java.lang=ALL-UNNAMED
04-Jun-2025 11:46:22.024 INFOS [main] org.apache.catalina.startup.VersionLoggerListener.log Argument de la ligne de commande : --add-opens=java.base/java.lang.invoke=ALL-UNNAMED
04-Jun-2025 11:46:22.024 INFOS [main] org.apache.catalina.startup.VersionLoggerListener.log Argument de la ligne de commande : --add-opens=java.base/java.lang.reflect=ALL-UNNAMED
04-Jun-2025 11:46:22.024 INFOS [main] org.apache.catalina.startup.VersionLoggerListener.log Argument de la ligne de commande : --add-opens=java.base/java.io=ALL-UNNAMED
04-Jun-2025 11:46:22.024 INFOS [main] org.apache.catalina.startup.VersionLoggerListener.log Argument de la ligne de commande : --add-opens=java.base/java.util=ALL-UNNAMED
04-Jun-2025 11:46:22.024 INFOS [main] org.apache.catalina.startup.VersionLoggerListener.log Argument de la ligne de commande : --add-opens=java.base/java.util.concurrent=ALL-UNNAMED
04-Jun-2025 11:46:22.024 INFOS [main] org.apache.catalina.startup.VersionLoggerListener.log Argument de la ligne de commande : --add-opens=java.rmi/sun.rmi.transport=ALL-UNNAMED
04-Jun-2025 11:46:22.024 INFOS [main] org.apache.catalina.startup.VersionLoggerListener.log Argument de la ligne de commande : -Djava.util.logging.config.file=C:\Users\diego\OneDrive\BACHELOR\Cours\Devoir MmeSans\apache-tomcat-9.0.105\conf\logging.properties
04-Jun-2025 11:46:22.024 INFOS [main] org.apache.catalina.startup.VersionLoggerListener.log Argument de la ligne de commande : -Djava.util.logging.manager=org.apache.juli.ClassLoaderLogManager
04-Jun-2025 11:46:22.024 INFOS [main] org.apache.catalina.startup.VersionLoggerListener.log Argument de la ligne de commande : -Djdk.tls.ephemeralDHKeySize=2048
04-Jun-2025 11:46:22.024 INFOS [main] org.apache.catalina.startup.VersionLoggerListener.log Argument de la ligne de commande : -Djava.protocol.handler.pkgs=org.apache.catalina.webresources
04-Jun-2025 11:46:22.024 INFOS [main] org.apache.catalina.startup.VersionLoggerListener.log Argument de la ligne de commande : -Dsun.io.useCanonCaches=false
04-Jun-2025 11:46:22.024 INFOS [main] org.apache.catalina.startup.VersionLoggerListener.log Argument de la ligne de commande : -Dignore.endorsed.dirs=
04-Jun-2025 11:46:22.024 INFOS [main] org.apache.catalina.startup.VersionLoggerListener.log Argument de la ligne de commande : -Dcatalina.base=C:\Users\diego\OneDrive\BACHELOR\Cours\Devoir MmeSans\apache-tomcat-9.0.105
04-Jun-2025 11:46:22.024 INFOS [main] org.apache.catalina.startup.VersionLoggerListener.log Argument de la ligne de commande : -Dcatalina.home=C:\Users\diego\OneDrive\BACHELOR\Cours\Devoir MmeSans\apache-tomcat-9.0.105
04-Jun-2025 11:46:22.028 INFOS [main] org.apache.catalina.startup.VersionLoggerListener.log Argument de la ligne de commande : -Djava.io.tmpdir=C:\Users\diego\OneDrive\BACHELOR\Cours\Devoir MmeSans\apache-tomcat-9.0.105\temp
04-Jun-2025 11:46:22.043 INFOS [main] org.apache.catalina.core.AprLifecycleListener.lifecycleEvent La librairie Apache Tomcat Native basée sur APR qui permet des performances optimales dans les environnements de production n'a pas été trouvée sur le java.library.path : [C:\Users\diego\AppData\Local\Programs\Eclipse Adoptium\jdk-17.0.4.101-hotspot\bin;C:\WINDOWS\Sun\Java\bin;C:\WINDOWS\system32;C:\WINDOWS;C:\Python313\Scripts\;C:\Python313\;C:\Program Files (x86)\VMware\VMware Workstation\bin\;C:\WINDOWS\system32;C:\WINDOWS;C:\WINDOWS\System32\Wbem;C:\WINDOWS\System32\WindowsPowerShell\v1.0\;C:\WINDOWS\System32\OpenSSH\;C:\Program Files\dotnet\;C:\Program Files\Go\bin;C:\Program Files\nodejs\;C:\ProgramData\chocolatey\bin;C:\Program Files\Docker\Docker\resources\bin;C:\Users\diego\OneDrive\BACHELOR\Cours\Devoir MmeSans\apache-maven-3.9.9-bin\apache-maven-3.9.9\bin;C:\Users\diego\AppData\Local\Programs\Python\Python311\Scripts\;C:\Users\diego\AppData\Local\Programs\Python\Python311\;C:\Users\diego\AppData\Local\Programs\Eclipse Adoptium\jdk-17.0.4.101-hotspot\bin;C:\Users\diego\AppData\Local\Microsoft\WindowsApps;C:\Users\diego\AppData\Local\Programs\Microsoft VS Code\bin;C:\Users\diego\AppData\Local\Programs\Git\cmd;C:\Users\diego\AppData\Local\Pandoc\;C:\Users\diego\go\bin;C:\Users\diego\AppData\Roaming\npm;.]
04-Jun-2025 11:46:22.629 INFOS [main] org.apache.coyote.AbstractProtocol.init Initialisation du gestionnaire de protocole ["http-nio-8080"]
04-Jun-2025 11:46:22.698 INFOS [main] org.apache.catalina.startup.Catalina.load L'initialisation du serveur a pris [1128] millisecondes
04-Jun-2025 11:46:22.824 INFOS [main] org.apache.catalina.core.StandardService.startInternal Démarrage du service [Catalina]
04-Jun-2025 11:46:22.824 INFOS [main] org.apache.catalina.core.StandardEngine.startInternal Démarrage du moteur de Servlets : [Apache Tomcat/9.0.105]
04-Jun-2025 11:46:22.888 INFOS [main] org.apache.catalina.startup.HostConfig.deployWAR Déploiement de l'archive [C:\Users\diego\OneDrive\BACHELOR\Cours\Devoir MmeSans\apache-tomcat-9.0.105\webapps\monapp.war] de l'application web
04-Jun-2025 11:46:22.941 INFOS [main] org.apache.catalina.startup.ExpandWar.expand Un répertoire décompressé [C:\Users\diego\OneDrive\BACHELOR\Cours\Devoir MmeSans\apache-tomcat-9.0.105\webapps\monapp] a été trouvé avec une date de dernière modification qui ne correspond pas au WAR associé, il sera effacé
04-Jun-2025 11:46:25.258 INFOS [main] org.apache.jasper.servlet.TldScanner.scanJars Au moins un fichier JAR a été analysé pour trouver des TLDs mais il n'en contenait pas, le mode "debug" du journal peut être activé pour obtenir une liste complète de JAR scannés sans succès ; éviter d'analyser des JARs inutilement peut améliorer sensiblement le temps de démarrage et le temps de compilation des JSPs
04-Jun-2025 11:46:25.675 AVERTISSEMENT [main] org.apache.catalina.util.SessionIdGeneratorBase.createSecureRandom La création de l'instance de SecureRandom pour le générateur d'id de session en utilisant [SHA1PRNG] a pris [346] millisecondes
04-Jun-2025 11:46:25.710 INFOS [main] org.apache.catalina.startup.HostConfig.deployWAR Le déploiement de l'archive de l'application web [C:\Users\diego\OneDrive\BACHELOR\Cours\Devoir MmeSans\apache-tomcat-9.0.105\webapps\monapp.war] s'est terminé en [2 822] ms
04-Jun-2025 11:46:25.717 INFOS [main] org.apache.catalina.startup.HostConfig.deployDirectory Déploiement du répertoire d'application web [C:\Users\diego\OneDrive\BACHELOR\Cours\Devoir MmeSans\apache-tomcat-9.0.105\webapps\docs]
04-Jun-2025 11:46:26.362 INFOS [main] org.apache.jasper.servlet.TldScanner.scanJars Au moins un fichier JAR a été analysé pour trouver des TLDs mais il n'en contenait pas, le mode "debug" du journal peut être activé pour obtenir une liste complète de JAR scannés sans succès ; éviter d'analyser des JARs inutilement peut améliorer sensiblement le temps de démarrage et le temps de compilation des JSPs
04-Jun-2025 11:46:26.367 INFOS [main] org.apache.catalina.startup.HostConfig.deployDirectory Le déploiement du répertoire [C:\Users\diego\OneDrive\BACHELOR\Cours\Devoir MmeSans\apache-tomcat-9.0.105\webapps\docs] de l'application web s'est terminé en [650] ms
04-Jun-2025 11:46:26.371 INFOS [main] org.apache.catalina.startup.HostConfig.deployDirectory Déploiement du répertoire d'application web [C:\Users\diego\OneDrive\BACHELOR\Cours\Devoir MmeSans\apache-tomcat-9.0.105\webapps\examples]
04-Jun-2025 11:46:28.108 INFOS [main] org.apache.jasper.servlet.TldScanner.scanJars Au moins un fichier JAR a été analysé pour trouver des TLDs mais il n'en contenait pas, le mode "debug" du journal peut être activé pour obtenir une liste complète de JAR scannés sans succès ; éviter d'analyser des JARs inutilement peut améliorer sensiblement le temps de démarrage et le temps de compilation des JSPs
04-Jun-2025 11:46:28.245 INFOS [main] org.apache.catalina.startup.HostConfig.deployDirectory Le déploiement du répertoire [C:\Users\diego\OneDrive\BACHELOR\Cours\Devoir MmeSans\apache-tomcat-9.0.105\webapps\examples] de l'application web s'est terminé en [1 874] ms
04-Jun-2025 11:46:28.248 INFOS [main] org.apache.catalina.startup.HostConfig.deployDirectory Déploiement du répertoire d'application web [C:\Users\diego\OneDrive\BACHELOR\Cours\Devoir MmeSans\apache-tomcat-9.0.105\webapps\host-manager]
04-Jun-2025 11:46:28.993 INFOS [main] org.apache.jasper.servlet.TldScanner.scanJars Au moins un fichier JAR a été analysé pour trouver des TLDs mais il n'en contenait pas, le mode "debug" du journal peut être activé pour obtenir une liste complète de JAR scannés sans succès ; éviter d'analyser des JARs inutilement peut améliorer sensiblement le temps de démarrage et le temps de compilation des JSPs
04-Jun-2025 11:46:29.015 INFOS [main] org.apache.catalina.startup.HostConfig.deployDirectory Le déploiement du répertoire [C:\Users\diego\OneDrive\BACHELOR\Cours\Devoir MmeSans\apache-tomcat-9.0.105\webapps\host-manager] de l'application web s'est terminé en [767] ms
04-Jun-2025 11:46:29.019 INFOS [main] org.apache.catalina.startup.HostConfig.deployDirectory Déploiement du répertoire d'application web [C:\Users\diego\OneDrive\BACHELOR\Cours\Devoir MmeSans\apache-tomcat-9.0.105\webapps\manager]
04-Jun-2025 11:46:29.640 INFOS [main] org.apache.jasper.servlet.TldScanner.scanJars Au moins un fichier JAR a été analysé pour trouver des TLDs mais il n'en contenait pas, le mode "debug" du journal peut être activé pour obtenir une liste complète de JAR scannés sans succès ; éviter d'analyser des JARs inutilement peut améliorer sensiblement le temps de démarrage et le temps de compilation des JSPs
04-Jun-2025 11:46:29.655 INFOS [main] org.apache.catalina.startup.HostConfig.deployDirectory Le déploiement du répertoire [C:\Users\diego\OneDrive\BACHELOR\Cours\Devoir MmeSans\apache-tomcat-9.0.105\webapps\manager] de l'application web s'est terminé en [638] ms
04-Jun-2025 11:46:29.655 INFOS [main] org.apache.catalina.startup.HostConfig.deployDirectory Déploiement du répertoire d'application web [C:\Users\diego\OneDrive\BACHELOR\Cours\Devoir MmeSans\apache-tomcat-9.0.105\webapps\ROOT]
04-Jun-2025 11:46:30.408 INFOS [main] org.apache.jasper.servlet.TldScanner.scanJars Au moins un fichier JAR a été analysé pour trouver des TLDs mais il n'en contenait pas, le mode "debug" du journal peut être activé pour obtenir une liste complète de JAR scannés sans succès ; éviter d'analyser des JARs inutilement peut améliorer sensiblement le temps de démarrage et le temps de compilation des JSPs
04-Jun-2025 11:46:30.431 INFOS [main] org.apache.catalina.startup.HostConfig.deployDirectory Le déploiement du répertoire [C:\Users\diego\OneDrive\BACHELOR\Cours\Devoir MmeSans\apache-tomcat-9.0.105\webapps\ROOT] de l'application web s'est terminé en [774] ms
04-Jun-2025 11:46:30.446 INFOS [main] org.apache.coyote.AbstractProtocol.start Démarrage du gestionnaire de protocole ["http-nio-8080"]
04-Jun-2025 11:46:31.455 INFOS [main] org.apache.catalina.startup.Catalina.start Le démarrage du serveur a pris [8754] millisecondes
04-Jun-2025 12:12:36.022 INFOS [Catalina-utility-1] org.apache.catalina.startup.HostConfig.undeploy Retrait de l'application web ayant pour chemin de contexte [/monapp]
04-Jun-2025 12:12:36.819 AVERTISSEMENT [Catalina-utility-1] org.apache.catalina.loader.WebappClassLoaderBase.clearReferencesJdbc L'application web [monapp] a enregistré un pilote JDBC [com.mysql.cj.jdbc.Driver], mais ne l'a pas désenregistré avant l'arrêt de l'application.  Pour éviter une fuite de mémoire, le pilote JDBC a été désenregistré de force.
04-Jun-2025 12:12:36.834 AVERTISSEMENT [Catalina-utility-1] org.apache.catalina.loader.WebappClassLoaderBase.clearReferencesThreads L'application web [monapp] semble avoir démarré un thread nommé [mysql-cj-abandoned-connection-cleanup] mais ne l'a pas arrêté, ce qui va probablement créer une fuite de mémoire ; la trace du thread est : 
 java.base@17.0.4.1/java.lang.Object.wait(Native Method)
 java.base@17.0.4.1/java.lang.ref.ReferenceQueue.remove(ReferenceQueue.java:155)
 com.mysql.cj.jdbc.AbandonedConnectionCleanupThread.run(AbandonedConnectionCleanupThread.java:91)
 java.base@17.0.4.1/java.util.concurrent.ThreadPoolExecutor.runWorker(ThreadPoolExecutor.java:1136)
 java.base@17.0.4.1/java.util.concurrent.ThreadPoolExecutor$Worker.run(ThreadPoolExecutor.java:635)
 java.base@17.0.4.1/java.lang.Thread.run(Thread.java:833)
04-Jun-2025 12:12:38.498 INFOS [mysql-cj-abandoned-connection-cleanup] org.apache.catalina.loader.WebappClassLoaderBase.checkStateForResourceLoading Impossible de charger [], ce chargeur de classes a déjà été arrêté
	java.lang.IllegalStateException: Impossible de charger [], ce chargeur de classes a déjà été arrêté
		at org.apache.catalina.loader.WebappClassLoaderBase.checkStateForResourceLoading(WebappClassLoaderBase.java:1374)
		at org.apache.catalina.loader.WebappClassLoaderBase.getResource(WebappClassLoaderBase.java:997)
		at com.mysql.cj.jdbc.AbandonedConnectionCleanupThread.checkThreadContextClassLoader(AbandonedConnectionCleanupThread.java:123)
		at com.mysql.cj.jdbc.AbandonedConnectionCleanupThread.run(AbandonedConnectionCleanupThread.java:90)
		at java.base/java.util.concurrent.ThreadPoolExecutor.runWorker(ThreadPoolExecutor.java:1136)
		at java.base/java.util.concurrent.ThreadPoolExecutor$Worker.run(ThreadPoolExecutor.java:635)
		at java.base/java.lang.Thread.run(Thread.java:833)
