20-May-2025 11:17:42.694 INFOS [main] org.apache.catalina.core.ApplicationContext.log ContextListener: contextInitialized()
20-May-2025 11:17:42.694 INFOS [main] org.apache.catalina.core.ApplicationContext.log SessionListener: contextInitialized()
20-May-2025 11:17:42.699 INFOS [main] org.apache.catalina.core.ApplicationContext.log ContextListener: attributeAdded('StockTicker', 'async.Stockticker@4a8ab068')
20-May-2025 11:21:53.164 INFOS [Thread-1] org.apache.catalina.core.ApplicationContext.log SessionListener: contextDestroyed()
20-May-2025 11:21:53.165 INFOS [Thread-1] org.apache.catalina.core.ApplicationContext.log ContextListener: contextDestroyed()
20-May-2025 11:42:31.929 INFOS [main] org.apache.catalina.core.ApplicationContext.log ContextListener: contextInitialized()
20-May-2025 11:42:31.930 INFOS [main] org.apache.catalina.core.ApplicationContext.log SessionListener: contextInitialized()
20-May-2025 11:42:31.939 INFOS [main] org.apache.catalina.core.ApplicationContext.log ContextListener: attributeAdded('StockTicker', 'async.Stockticker@4d62f4c6')
20-May-2025 11:52:32.683 INFOS [Thread-1] org.apache.catalina.core.ApplicationContext.log SessionListener: contextDestroyed()
20-May-2025 11:52:32.683 INFOS [Thread-1] org.apache.catalina.core.ApplicationContext.log ContextListener: contextDestroyed()
20-May-2025 11:52:46.477 INFOS [main] org.apache.catalina.core.ApplicationContext.log ContextListener: contextInitialized()
20-May-2025 11:52:46.477 INFOS [main] org.apache.catalina.core.ApplicationContext.log SessionListener: contextInitialized()
20-May-2025 11:52:46.483 INFOS [main] org.apache.catalina.core.ApplicationContext.log ContextListener: attributeAdded('StockTicker', 'async.Stockticker@295bf2a')
20-May-2025 14:05:47.031 INFOS [Thread-1] org.apache.catalina.core.ApplicationContext.log SessionListener: contextDestroyed()
20-May-2025 14:05:47.032 INFOS [Thread-1] org.apache.catalina.core.ApplicationContext.log ContextListener: contextDestroyed()
20-May-2025 14:06:44.001 INFOS [main] org.apache.catalina.core.ApplicationContext.log ContextListener: contextInitialized()
20-May-2025 14:06:44.001 INFOS [main] org.apache.catalina.core.ApplicationContext.log SessionListener: contextInitialized()
20-May-2025 14:06:44.005 INFOS [main] org.apache.catalina.core.ApplicationContext.log ContextListener: attributeAdded('StockTicker', 'async.Stockticker@692e028d')
20-May-2025 14:10:08.229 INFOS [Thread-1] org.apache.catalina.core.ApplicationContext.log SessionListener: contextDestroyed()
20-May-2025 14:10:08.229 INFOS [Thread-1] org.apache.catalina.core.ApplicationContext.log ContextListener: contextDestroyed()
20-May-2025 14:10:19.712 INFOS [main] org.apache.catalina.core.ApplicationContext.log ContextListener: contextInitialized()
20-May-2025 14:10:19.712 INFOS [main] org.apache.catalina.core.ApplicationContext.log SessionListener: contextInitialized()
20-May-2025 14:10:19.718 INFOS [main] org.apache.catalina.core.ApplicationContext.log ContextListener: attributeAdded('StockTicker', 'async.Stockticker@11f406f8')
20-May-2025 14:14:58.504 INFOS [Thread-1] org.apache.catalina.core.ApplicationContext.log SessionListener: contextDestroyed()
20-May-2025 14:14:58.504 INFOS [Thread-1] org.apache.catalina.core.ApplicationContext.log ContextListener: contextDestroyed()
20-May-2025 14:16:07.286 INFOS [main] org.apache.catalina.core.ApplicationContext.log ContextListener: contextInitialized()
20-May-2025 14:16:07.286 INFOS [main] org.apache.catalina.core.ApplicationContext.log SessionListener: contextInitialized()
20-May-2025 14:16:07.290 INFOS [main] org.apache.catalina.core.ApplicationContext.log ContextListener: attributeAdded('StockTicker', 'async.Stockticker@474c9131')
20-May-2025 14:17:12.908 GRAVE [http-nio-8080-exec-7] org.apache.catalina.core.StandardWrapperValve.invoke Servlet.service() du Servlet [jsp] dans le contexte au chemin [/monapp] a retourné une exception [Une exception s'est produite lors du traitement de [/matieres.jsp] à la ligne [15]

12:     <ul>
13:     <% 
14:         java.util.List<model.Matiere> matieres = (java.util.List<model.Matiere>) request.getAttribute("matieres");
15:         for (model.Matiere m : matieres) {
16:     %>
17:         <li><%= m.getNom() %> - <%= m.getNbHeures() %> heures</li>
18:     <% } %>


Stacktrace:] avec la cause
	java.lang.NullPointerException: Cannot invoke "java.util.List.iterator()" because "matieres" is null
		at org.apache.jsp.matieres_jsp._jspService(matieres_jsp.java:131)
		at org.apache.jasper.runtime.HttpJspBase.service(HttpJspBase.java:64)
		at javax.servlet.http.HttpServlet.service(HttpServlet.java:623)
		at org.apache.jasper.servlet.JspServletWrapper.service(JspServletWrapper.java:446)
		at org.apache.jasper.servlet.JspServlet.serviceJspFile(JspServlet.java:356)
		at org.apache.jasper.servlet.JspServlet.service(JspServlet.java:307)
		at javax.servlet.http.HttpServlet.service(HttpServlet.java:623)
		at org.apache.catalina.core.ApplicationFilterChain.internalDoFilter(ApplicationFilterChain.java:199)
		at org.apache.catalina.core.ApplicationFilterChain.doFilter(ApplicationFilterChain.java:144)
		at org.apache.tomcat.websocket.server.WsFilter.doFilter(WsFilter.java:51)
		at org.apache.catalina.core.ApplicationFilterChain.internalDoFilter(ApplicationFilterChain.java:168)
		at org.apache.catalina.core.ApplicationFilterChain.doFilter(ApplicationFilterChain.java:144)
		at org.apache.catalina.core.StandardWrapperValve.invoke(StandardWrapperValve.java:168)
		at org.apache.catalina.core.StandardContextValve.invoke(StandardContextValve.java:90)
		at org.apache.catalina.authenticator.AuthenticatorBase.invoke(AuthenticatorBase.java:482)
		at org.apache.catalina.core.StandardHostValve.invoke(StandardHostValve.java:130)
		at org.apache.catalina.valves.ErrorReportValve.invoke(ErrorReportValve.java:93)
		at org.apache.catalina.valves.AbstractAccessLogValve.invoke(AbstractAccessLogValve.java:656)
		at org.apache.catalina.core.StandardEngineValve.invoke(StandardEngineValve.java:74)
		at org.apache.catalina.connector.CoyoteAdapter.service(CoyoteAdapter.java:346)
		at org.apache.coyote.http11.Http11Processor.service(Http11Processor.java:397)
		at org.apache.coyote.AbstractProcessorLight.process(AbstractProcessorLight.java:63)
		at org.apache.coyote.AbstractProtocol$ConnectionHandler.process(AbstractProtocol.java:935)
		at org.apache.tomcat.util.net.NioEndpoint$SocketProcessor.doRun(NioEndpoint.java:1792)
		at org.apache.tomcat.util.net.SocketProcessorBase.run(SocketProcessorBase.java:52)
		at org.apache.tomcat.util.threads.ThreadPoolExecutor.runWorker(ThreadPoolExecutor.java:1189)
		at org.apache.tomcat.util.threads.ThreadPoolExecutor$Worker.run(ThreadPoolExecutor.java:658)
		at org.apache.tomcat.util.threads.TaskThread$WrappingRunnable.run(TaskThread.java:63)
		at java.base/java.lang.Thread.run(Thread.java:833)
20-May-2025 14:17:18.105 GRAVE [http-nio-8080-exec-8] org.apache.catalina.core.StandardWrapperValve.invoke Servlet.service() du Servlet [jsp] dans le contexte au chemin [/monapp] a retourné une exception [Une exception s'est produite lors du traitement de [/comptes.jsp] à la ligne [15]

12:     <ul>
13:     <% 
14:         java.util.List<model.Compte> comptes = (java.util.List<model.Compte>) request.getAttribute("comptes");
15:         for (model.Compte c : comptes) {
16:     %>
17:         <li><%= c.getLogin() %></li>
18:     <% } %>


Stacktrace:] avec la cause
	java.lang.NullPointerException: Cannot invoke "java.util.List.iterator()" because "comptes" is null
		at org.apache.jsp.comptes_jsp._jspService(comptes_jsp.java:131)
		at org.apache.jasper.runtime.HttpJspBase.service(HttpJspBase.java:64)
		at javax.servlet.http.HttpServlet.service(HttpServlet.java:623)
		at org.apache.jasper.servlet.JspServletWrapper.service(JspServletWrapper.java:446)
		at org.apache.jasper.servlet.JspServlet.serviceJspFile(JspServlet.java:356)
		at org.apache.jasper.servlet.JspServlet.service(JspServlet.java:307)
		at javax.servlet.http.HttpServlet.service(HttpServlet.java:623)
		at org.apache.catalina.core.ApplicationFilterChain.internalDoFilter(ApplicationFilterChain.java:199)
		at org.apache.catalina.core.ApplicationFilterChain.doFilter(ApplicationFilterChain.java:144)
		at org.apache.tomcat.websocket.server.WsFilter.doFilter(WsFilter.java:51)
		at org.apache.catalina.core.ApplicationFilterChain.internalDoFilter(ApplicationFilterChain.java:168)
		at org.apache.catalina.core.ApplicationFilterChain.doFilter(ApplicationFilterChain.java:144)
		at org.apache.catalina.core.StandardWrapperValve.invoke(StandardWrapperValve.java:168)
		at org.apache.catalina.core.StandardContextValve.invoke(StandardContextValve.java:90)
		at org.apache.catalina.authenticator.AuthenticatorBase.invoke(AuthenticatorBase.java:482)
		at org.apache.catalina.core.StandardHostValve.invoke(StandardHostValve.java:130)
		at org.apache.catalina.valves.ErrorReportValve.invoke(ErrorReportValve.java:93)
		at org.apache.catalina.valves.AbstractAccessLogValve.invoke(AbstractAccessLogValve.java:656)
		at org.apache.catalina.core.StandardEngineValve.invoke(StandardEngineValve.java:74)
		at org.apache.catalina.connector.CoyoteAdapter.service(CoyoteAdapter.java:346)
		at org.apache.coyote.http11.Http11Processor.service(Http11Processor.java:397)
		at org.apache.coyote.AbstractProcessorLight.process(AbstractProcessorLight.java:63)
		at org.apache.coyote.AbstractProtocol$ConnectionHandler.process(AbstractProtocol.java:935)
		at org.apache.tomcat.util.net.NioEndpoint$SocketProcessor.doRun(NioEndpoint.java:1792)
		at org.apache.tomcat.util.net.SocketProcessorBase.run(SocketProcessorBase.java:52)
		at org.apache.tomcat.util.threads.ThreadPoolExecutor.runWorker(ThreadPoolExecutor.java:1189)
		at org.apache.tomcat.util.threads.ThreadPoolExecutor$Worker.run(ThreadPoolExecutor.java:658)
		at org.apache.tomcat.util.threads.TaskThread$WrappingRunnable.run(TaskThread.java:63)
		at java.base/java.lang.Thread.run(Thread.java:833)
20-May-2025 14:26:03.497 INFOS [Thread-1] org.apache.catalina.core.ApplicationContext.log SessionListener: contextDestroyed()
20-May-2025 14:26:03.498 INFOS [Thread-1] org.apache.catalina.core.ApplicationContext.log ContextListener: contextDestroyed()
20-May-2025 14:29:08.358 INFOS [main] org.apache.catalina.core.ApplicationContext.log ContextListener: contextInitialized()
20-May-2025 14:29:08.358 INFOS [main] org.apache.catalina.core.ApplicationContext.log SessionListener: contextInitialized()
20-May-2025 14:29:08.362 INFOS [main] org.apache.catalina.core.ApplicationContext.log ContextListener: attributeAdded('StockTicker', 'async.Stockticker@28737371')
20-May-2025 14:29:38.298 GRAVE [http-nio-8080-exec-4] org.apache.catalina.core.StandardWrapperValve.invoke Servlet.service() du Servlet [jsp] dans le contexte au chemin [/monapp] a retourné une exception [Une exception s'est produite lors du traitement de [comptes.jsp] à la ligne [15]

12:     <ul>
13:     <% 
14:         java.util.List<model.Compte> comptes = (java.util.List<model.Compte>) request.getAttribute("comptes");
15:         for (model.Compte c : comptes) {
16:     %>
17:         <li><%= c.getLogin() %></li>
18:     <% } %>


Stacktrace:] avec la cause
	java.lang.NullPointerException: Cannot invoke "java.util.List.iterator()" because "comptes" is null
		at org.apache.jsp.comptes_jsp._jspService(comptes_jsp.java:131)
		at org.apache.jasper.runtime.HttpJspBase.service(HttpJspBase.java:64)
		at javax.servlet.http.HttpServlet.service(HttpServlet.java:623)
		at org.apache.jasper.servlet.JspServletWrapper.service(JspServletWrapper.java:446)
		at org.apache.jasper.servlet.JspServlet.serviceJspFile(JspServlet.java:356)
		at org.apache.jasper.servlet.JspServlet.service(JspServlet.java:307)
		at javax.servlet.http.HttpServlet.service(HttpServlet.java:623)
		at org.apache.catalina.core.ApplicationFilterChain.internalDoFilter(ApplicationFilterChain.java:199)
		at org.apache.catalina.core.ApplicationFilterChain.doFilter(ApplicationFilterChain.java:144)
		at org.apache.tomcat.websocket.server.WsFilter.doFilter(WsFilter.java:51)
		at org.apache.catalina.core.ApplicationFilterChain.internalDoFilter(ApplicationFilterChain.java:168)
		at org.apache.catalina.core.ApplicationFilterChain.doFilter(ApplicationFilterChain.java:144)
		at org.apache.catalina.core.StandardWrapperValve.invoke(StandardWrapperValve.java:168)
		at org.apache.catalina.core.StandardContextValve.invoke(StandardContextValve.java:90)
		at org.apache.catalina.authenticator.AuthenticatorBase.invoke(AuthenticatorBase.java:482)
		at org.apache.catalina.core.StandardHostValve.invoke(StandardHostValve.java:130)
		at org.apache.catalina.valves.ErrorReportValve.invoke(ErrorReportValve.java:93)
		at org.apache.catalina.valves.AbstractAccessLogValve.invoke(AbstractAccessLogValve.java:656)
		at org.apache.catalina.core.StandardEngineValve.invoke(StandardEngineValve.java:74)
		at org.apache.catalina.connector.CoyoteAdapter.service(CoyoteAdapter.java:346)
		at org.apache.coyote.http11.Http11Processor.service(Http11Processor.java:397)
		at org.apache.coyote.AbstractProcessorLight.process(AbstractProcessorLight.java:63)
		at org.apache.coyote.AbstractProtocol$ConnectionHandler.process(AbstractProtocol.java:935)
		at org.apache.tomcat.util.net.NioEndpoint$SocketProcessor.doRun(NioEndpoint.java:1792)
		at org.apache.tomcat.util.net.SocketProcessorBase.run(SocketProcessorBase.java:52)
		at org.apache.tomcat.util.threads.ThreadPoolExecutor.runWorker(ThreadPoolExecutor.java:1189)
		at org.apache.tomcat.util.threads.ThreadPoolExecutor$Worker.run(ThreadPoolExecutor.java:658)
		at org.apache.tomcat.util.threads.TaskThread$WrappingRunnable.run(TaskThread.java:63)
		at java.base/java.lang.Thread.run(Thread.java:833)
20-May-2025 14:29:40.890 GRAVE [http-nio-8080-exec-5] org.apache.catalina.core.StandardWrapperValve.invoke Servlet.service() du Servlet [jsp] dans le contexte au chemin [/monapp] a retourné une exception [Une exception s'est produite lors du traitement de [matieres.jsp] à la ligne [15]

12:     <ul>
13:     <% 
14:         java.util.List<model.Matiere> matieres = (java.util.List<model.Matiere>) request.getAttribute("matieres");
15:         for (model.Matiere m : matieres) {
16:     %>
17:         <li><%= m.getNom() %> - <%= m.getNbHeures() %> heures</li>
18:     <% } %>


Stacktrace:] avec la cause
	java.lang.NullPointerException: Cannot invoke "java.util.List.iterator()" because "matieres" is null
		at org.apache.jsp.matieres_jsp._jspService(matieres_jsp.java:131)
		at org.apache.jasper.runtime.HttpJspBase.service(HttpJspBase.java:64)
		at javax.servlet.http.HttpServlet.service(HttpServlet.java:623)
		at org.apache.jasper.servlet.JspServletWrapper.service(JspServletWrapper.java:446)
		at org.apache.jasper.servlet.JspServlet.serviceJspFile(JspServlet.java:356)
		at org.apache.jasper.servlet.JspServlet.service(JspServlet.java:307)
		at javax.servlet.http.HttpServlet.service(HttpServlet.java:623)
		at org.apache.catalina.core.ApplicationFilterChain.internalDoFilter(ApplicationFilterChain.java:199)
		at org.apache.catalina.core.ApplicationFilterChain.doFilter(ApplicationFilterChain.java:144)
		at org.apache.tomcat.websocket.server.WsFilter.doFilter(WsFilter.java:51)
		at org.apache.catalina.core.ApplicationFilterChain.internalDoFilter(ApplicationFilterChain.java:168)
		at org.apache.catalina.core.ApplicationFilterChain.doFilter(ApplicationFilterChain.java:144)
		at org.apache.catalina.core.StandardWrapperValve.invoke(StandardWrapperValve.java:168)
		at org.apache.catalina.core.StandardContextValve.invoke(StandardContextValve.java:90)
		at org.apache.catalina.authenticator.AuthenticatorBase.invoke(AuthenticatorBase.java:482)
		at org.apache.catalina.core.StandardHostValve.invoke(StandardHostValve.java:130)
		at org.apache.catalina.valves.ErrorReportValve.invoke(ErrorReportValve.java:93)
		at org.apache.catalina.valves.AbstractAccessLogValve.invoke(AbstractAccessLogValve.java:656)
		at org.apache.catalina.core.StandardEngineValve.invoke(StandardEngineValve.java:74)
		at org.apache.catalina.connector.CoyoteAdapter.service(CoyoteAdapter.java:346)
		at org.apache.coyote.http11.Http11Processor.service(Http11Processor.java:397)
		at org.apache.coyote.AbstractProcessorLight.process(AbstractProcessorLight.java:63)
		at org.apache.coyote.AbstractProtocol$ConnectionHandler.process(AbstractProtocol.java:935)
		at org.apache.tomcat.util.net.NioEndpoint$SocketProcessor.doRun(NioEndpoint.java:1792)
		at org.apache.tomcat.util.net.SocketProcessorBase.run(SocketProcessorBase.java:52)
		at org.apache.tomcat.util.threads.ThreadPoolExecutor.runWorker(ThreadPoolExecutor.java:1189)
		at org.apache.tomcat.util.threads.ThreadPoolExecutor$Worker.run(ThreadPoolExecutor.java:658)
		at org.apache.tomcat.util.threads.TaskThread$WrappingRunnable.run(TaskThread.java:63)
		at java.base/java.lang.Thread.run(Thread.java:833)
20-May-2025 14:31:20.912 INFOS [Thread-1] org.apache.catalina.core.ApplicationContext.log SessionListener: contextDestroyed()
20-May-2025 14:31:20.912 INFOS [Thread-1] org.apache.catalina.core.ApplicationContext.log ContextListener: contextDestroyed()
20-May-2025 14:33:27.998 INFOS [main] org.apache.catalina.core.ApplicationContext.log ContextListener: contextInitialized()
20-May-2025 14:33:27.998 INFOS [main] org.apache.catalina.core.ApplicationContext.log SessionListener: contextInitialized()
20-May-2025 14:33:28.002 INFOS [main] org.apache.catalina.core.ApplicationContext.log ContextListener: attributeAdded('StockTicker', 'async.Stockticker@3a175162')
20-May-2025 14:37:35.427 GRAVE [http-nio-8080-exec-5] org.apache.catalina.core.StandardWrapperValve.invoke Servlet.service() du Servlet [jsp] dans le contexte au chemin [/monapp] a retourné une exception [Une exception s'est produite lors du traitement de [matieres.jsp] à la ligne [15]

12:     <ul>
13:     <% 
14:         java.util.List<model.Matiere> matieres = (java.util.List<model.Matiere>) request.getAttribute("matieres");
15:         for (model.Matiere m : matieres) {
16:     %>
17:         <li><%= m.getNom() %> - <%= m.getNbHeures() %> heures</li>
18:     <% } %>


Stacktrace:] avec la cause
	java.lang.NullPointerException: Cannot invoke "java.util.List.iterator()" because "matieres" is null
		at org.apache.jsp.matieres_jsp._jspService(matieres_jsp.java:131)
		at org.apache.jasper.runtime.HttpJspBase.service(HttpJspBase.java:64)
		at javax.servlet.http.HttpServlet.service(HttpServlet.java:623)
		at org.apache.jasper.servlet.JspServletWrapper.service(JspServletWrapper.java:446)
		at org.apache.jasper.servlet.JspServlet.serviceJspFile(JspServlet.java:356)
		at org.apache.jasper.servlet.JspServlet.service(JspServlet.java:307)
		at javax.servlet.http.HttpServlet.service(HttpServlet.java:623)
		at org.apache.catalina.core.ApplicationFilterChain.internalDoFilter(ApplicationFilterChain.java:199)
		at org.apache.catalina.core.ApplicationFilterChain.doFilter(ApplicationFilterChain.java:144)
		at org.apache.tomcat.websocket.server.WsFilter.doFilter(WsFilter.java:51)
		at org.apache.catalina.core.ApplicationFilterChain.internalDoFilter(ApplicationFilterChain.java:168)
		at org.apache.catalina.core.ApplicationFilterChain.doFilter(ApplicationFilterChain.java:144)
		at org.apache.catalina.core.StandardWrapperValve.invoke(StandardWrapperValve.java:168)
		at org.apache.catalina.core.StandardContextValve.invoke(StandardContextValve.java:90)
		at org.apache.catalina.authenticator.AuthenticatorBase.invoke(AuthenticatorBase.java:482)
		at org.apache.catalina.core.StandardHostValve.invoke(StandardHostValve.java:130)
		at org.apache.catalina.valves.ErrorReportValve.invoke(ErrorReportValve.java:93)
		at org.apache.catalina.valves.AbstractAccessLogValve.invoke(AbstractAccessLogValve.java:656)
		at org.apache.catalina.core.StandardEngineValve.invoke(StandardEngineValve.java:74)
		at org.apache.catalina.connector.CoyoteAdapter.service(CoyoteAdapter.java:346)
		at org.apache.coyote.http11.Http11Processor.service(Http11Processor.java:397)
		at org.apache.coyote.AbstractProcessorLight.process(AbstractProcessorLight.java:63)
		at org.apache.coyote.AbstractProtocol$ConnectionHandler.process(AbstractProtocol.java:935)
		at org.apache.tomcat.util.net.NioEndpoint$SocketProcessor.doRun(NioEndpoint.java:1792)
		at org.apache.tomcat.util.net.SocketProcessorBase.run(SocketProcessorBase.java:52)
		at org.apache.tomcat.util.threads.ThreadPoolExecutor.runWorker(ThreadPoolExecutor.java:1189)
		at org.apache.tomcat.util.threads.ThreadPoolExecutor$Worker.run(ThreadPoolExecutor.java:658)
		at org.apache.tomcat.util.threads.TaskThread$WrappingRunnable.run(TaskThread.java:63)
		at java.base/java.lang.Thread.run(Thread.java:833)
20-May-2025 14:37:38.106 GRAVE [http-nio-8080-exec-7] org.apache.catalina.core.StandardWrapperValve.invoke Servlet.service() du Servlet [jsp] dans le contexte au chemin [/monapp] a retourné une exception [Une exception s'est produite lors du traitement de [comptes.jsp] à la ligne [15]

12:     <ul>
13:     <% 
14:         java.util.List<model.Compte> comptes = (java.util.List<model.Compte>) request.getAttribute("comptes");
15:         for (model.Compte c : comptes) {
16:     %>
17:         <li><%= c.getLogin() %></li>
18:     <% } %>


Stacktrace:] avec la cause
	java.lang.NullPointerException: Cannot invoke "java.util.List.iterator()" because "comptes" is null
		at org.apache.jsp.comptes_jsp._jspService(comptes_jsp.java:131)
		at org.apache.jasper.runtime.HttpJspBase.service(HttpJspBase.java:64)
		at javax.servlet.http.HttpServlet.service(HttpServlet.java:623)
		at org.apache.jasper.servlet.JspServletWrapper.service(JspServletWrapper.java:446)
		at org.apache.jasper.servlet.JspServlet.serviceJspFile(JspServlet.java:356)
		at org.apache.jasper.servlet.JspServlet.service(JspServlet.java:307)
		at javax.servlet.http.HttpServlet.service(HttpServlet.java:623)
		at org.apache.catalina.core.ApplicationFilterChain.internalDoFilter(ApplicationFilterChain.java:199)
		at org.apache.catalina.core.ApplicationFilterChain.doFilter(ApplicationFilterChain.java:144)
		at org.apache.tomcat.websocket.server.WsFilter.doFilter(WsFilter.java:51)
		at org.apache.catalina.core.ApplicationFilterChain.internalDoFilter(ApplicationFilterChain.java:168)
		at org.apache.catalina.core.ApplicationFilterChain.doFilter(ApplicationFilterChain.java:144)
		at org.apache.catalina.core.StandardWrapperValve.invoke(StandardWrapperValve.java:168)
		at org.apache.catalina.core.StandardContextValve.invoke(StandardContextValve.java:90)
		at org.apache.catalina.authenticator.AuthenticatorBase.invoke(AuthenticatorBase.java:482)
		at org.apache.catalina.core.StandardHostValve.invoke(StandardHostValve.java:130)
		at org.apache.catalina.valves.ErrorReportValve.invoke(ErrorReportValve.java:93)
		at org.apache.catalina.valves.AbstractAccessLogValve.invoke(AbstractAccessLogValve.java:656)
		at org.apache.catalina.core.StandardEngineValve.invoke(StandardEngineValve.java:74)
		at org.apache.catalina.connector.CoyoteAdapter.service(CoyoteAdapter.java:346)
		at org.apache.coyote.http11.Http11Processor.service(Http11Processor.java:397)
		at org.apache.coyote.AbstractProcessorLight.process(AbstractProcessorLight.java:63)
		at org.apache.coyote.AbstractProtocol$ConnectionHandler.process(AbstractProtocol.java:935)
		at org.apache.tomcat.util.net.NioEndpoint$SocketProcessor.doRun(NioEndpoint.java:1792)
		at org.apache.tomcat.util.net.SocketProcessorBase.run(SocketProcessorBase.java:52)
		at org.apache.tomcat.util.threads.ThreadPoolExecutor.runWorker(ThreadPoolExecutor.java:1189)
		at org.apache.tomcat.util.threads.ThreadPoolExecutor$Worker.run(ThreadPoolExecutor.java:658)
		at org.apache.tomcat.util.threads.TaskThread$WrappingRunnable.run(TaskThread.java:63)
		at java.base/java.lang.Thread.run(Thread.java:833)
20-May-2025 14:46:02.421 INFOS [main] org.apache.catalina.core.ApplicationContext.log ContextListener: contextInitialized()
20-May-2025 14:46:02.422 INFOS [main] org.apache.catalina.core.ApplicationContext.log SessionListener: contextInitialized()
20-May-2025 14:46:02.425 INFOS [main] org.apache.catalina.core.ApplicationContext.log ContextListener: attributeAdded('StockTicker', 'async.Stockticker@2484f433')
20-May-2025 14:46:02.701 INFOS [main] org.apache.catalina.core.ApplicationContext.log SessionListener: contextDestroyed()
20-May-2025 14:46:02.701 INFOS [main] org.apache.catalina.core.ApplicationContext.log ContextListener: contextDestroyed()
20-May-2025 14:50:26.874 INFOS [Thread-1] org.apache.catalina.core.ApplicationContext.log SessionListener: contextDestroyed()
20-May-2025 14:50:26.874 INFOS [Thread-1] org.apache.catalina.core.ApplicationContext.log ContextListener: contextDestroyed()
20-May-2025 14:53:37.775 INFOS [main] org.apache.catalina.core.ApplicationContext.log ContextListener: contextInitialized()
20-May-2025 14:53:37.775 INFOS [main] org.apache.catalina.core.ApplicationContext.log SessionListener: contextInitialized()
20-May-2025 14:53:37.779 INFOS [main] org.apache.catalina.core.ApplicationContext.log ContextListener: attributeAdded('StockTicker', 'async.Stockticker@4f5f6e45')
20-May-2025 15:00:55.960 INFOS [main] org.apache.catalina.core.ApplicationContext.log ContextListener: contextInitialized()
20-May-2025 15:00:55.960 INFOS [main] org.apache.catalina.core.ApplicationContext.log SessionListener: contextInitialized()
20-May-2025 15:00:55.963 INFOS [main] org.apache.catalina.core.ApplicationContext.log ContextListener: attributeAdded('StockTicker', 'async.Stockticker@45e1aa48')
20-May-2025 15:00:56.271 INFOS [main] org.apache.catalina.core.ApplicationContext.log SessionListener: contextDestroyed()
20-May-2025 15:00:56.271 INFOS [main] org.apache.catalina.core.ApplicationContext.log ContextListener: contextDestroyed()
20-May-2025 15:04:16.898 INFOS [Thread-1] org.apache.catalina.core.ApplicationContext.log SessionListener: contextDestroyed()
20-May-2025 15:04:16.899 INFOS [Thread-1] org.apache.catalina.core.ApplicationContext.log ContextListener: contextDestroyed()
20-May-2025 15:04:53.880 INFOS [main] org.apache.catalina.core.ApplicationContext.log ContextListener: contextInitialized()
20-May-2025 15:04:53.880 INFOS [main] org.apache.catalina.core.ApplicationContext.log SessionListener: contextInitialized()
20-May-2025 15:04:53.884 INFOS [main] org.apache.catalina.core.ApplicationContext.log ContextListener: attributeAdded('StockTicker', 'async.Stockticker@2ec3633f')
20-May-2025 15:19:43.455 INFOS [Thread-1] org.apache.catalina.core.ApplicationContext.log SessionListener: contextDestroyed()
20-May-2025 15:19:43.455 INFOS [Thread-1] org.apache.catalina.core.ApplicationContext.log ContextListener: contextDestroyed()
20-May-2025 15:20:41.809 INFOS [main] org.apache.catalina.core.ApplicationContext.log ContextListener: contextInitialized()
20-May-2025 15:20:41.809 INFOS [main] org.apache.catalina.core.ApplicationContext.log SessionListener: contextInitialized()
20-May-2025 15:20:41.814 INFOS [main] org.apache.catalina.core.ApplicationContext.log ContextListener: attributeAdded('StockTicker', 'async.Stockticker@1f45db49')
20-May-2025 15:24:56.897 INFOS [main] org.apache.catalina.core.ApplicationContext.log ContextListener: contextInitialized()
20-May-2025 15:24:56.897 INFOS [main] org.apache.catalina.core.ApplicationContext.log SessionListener: contextInitialized()
20-May-2025 15:24:56.907 INFOS [main] org.apache.catalina.core.ApplicationContext.log ContextListener: attributeAdded('StockTicker', 'async.Stockticker@c262f2f')
20-May-2025 15:24:58.715 INFOS [main] org.apache.catalina.core.ApplicationContext.log SessionListener: contextDestroyed()
20-May-2025 15:24:58.715 INFOS [main] org.apache.catalina.core.ApplicationContext.log ContextListener: contextDestroyed()
20-May-2025 15:40:14.812 INFOS [Thread-1] org.apache.catalina.core.ApplicationContext.log SessionListener: contextDestroyed()
20-May-2025 15:40:14.812 INFOS [Thread-1] org.apache.catalina.core.ApplicationContext.log ContextListener: contextDestroyed()
20-May-2025 15:40:39.371 INFOS [main] org.apache.catalina.core.ApplicationContext.log ContextListener: contextInitialized()
20-May-2025 15:40:39.371 INFOS [main] org.apache.catalina.core.ApplicationContext.log SessionListener: contextInitialized()
20-May-2025 15:40:39.375 INFOS [main] org.apache.catalina.core.ApplicationContext.log ContextListener: attributeAdded('StockTicker', 'async.Stockticker@25470477')
20-May-2025 15:59:49.334 INFOS [Thread-1] org.apache.catalina.core.ApplicationContext.log SessionListener: contextDestroyed()
20-May-2025 15:59:49.335 INFOS [Thread-1] org.apache.catalina.core.ApplicationContext.log ContextListener: contextDestroyed()
20-May-2025 16:00:44.377 INFOS [main] org.apache.catalina.core.ApplicationContext.log ContextListener: contextInitialized()
20-May-2025 16:00:44.377 INFOS [main] org.apache.catalina.core.ApplicationContext.log SessionListener: contextInitialized()
20-May-2025 16:00:44.381 INFOS [main] org.apache.catalina.core.ApplicationContext.log ContextListener: attributeAdded('StockTicker', 'async.Stockticker@25470477')
20-May-2025 16:02:12.717 GRAVE [http-nio-8080-exec-8] org.apache.catalina.core.StandardWrapperValve.invoke "Servlet.service()" pour la servlet [controller.CompteServlet] a généré une exception
	java.lang.IllegalStateException: Impossible d'appeler "sendRedirect()" après que la réponse ait été envoyée
		at org.apache.catalina.connector.ResponseFacade.checkCommitted(ResponseFacade.java:543)
		at org.apache.catalina.connector.ResponseFacade.sendRedirect(ResponseFacade.java:392)
		at controller.CompteServlet.doGet(CompteServlet.java:27)
		at javax.servlet.http.HttpServlet.service(HttpServlet.java:529)
		at javax.servlet.http.HttpServlet.service(HttpServlet.java:623)
		at org.apache.catalina.core.ApplicationFilterChain.internalDoFilter(ApplicationFilterChain.java:199)
		at org.apache.catalina.core.ApplicationFilterChain.doFilter(ApplicationFilterChain.java:144)
		at org.apache.tomcat.websocket.server.WsFilter.doFilter(WsFilter.java:51)
		at org.apache.catalina.core.ApplicationFilterChain.internalDoFilter(ApplicationFilterChain.java:168)
		at org.apache.catalina.core.ApplicationFilterChain.doFilter(ApplicationFilterChain.java:144)
		at filter.AuthFilter.doFilter(AuthFilter.java:20)
		at org.apache.catalina.core.ApplicationFilterChain.internalDoFilter(ApplicationFilterChain.java:168)
		at org.apache.catalina.core.ApplicationFilterChain.doFilter(ApplicationFilterChain.java:144)
		at org.apache.catalina.core.StandardWrapperValve.invoke(StandardWrapperValve.java:168)
		at org.apache.catalina.core.StandardContextValve.invoke(StandardContextValve.java:90)
		at org.apache.catalina.authenticator.AuthenticatorBase.invoke(AuthenticatorBase.java:482)
		at org.apache.catalina.core.StandardHostValve.invoke(StandardHostValve.java:130)
		at org.apache.catalina.valves.ErrorReportValve.invoke(ErrorReportValve.java:93)
		at org.apache.catalina.valves.AbstractAccessLogValve.invoke(AbstractAccessLogValve.java:656)
		at org.apache.catalina.core.StandardEngineValve.invoke(StandardEngineValve.java:74)
		at org.apache.catalina.connector.CoyoteAdapter.service(CoyoteAdapter.java:346)
		at org.apache.coyote.http11.Http11Processor.service(Http11Processor.java:397)
		at org.apache.coyote.AbstractProcessorLight.process(AbstractProcessorLight.java:63)
		at org.apache.coyote.AbstractProtocol$ConnectionHandler.process(AbstractProtocol.java:935)
		at org.apache.tomcat.util.net.NioEndpoint$SocketProcessor.doRun(NioEndpoint.java:1792)
		at org.apache.tomcat.util.net.SocketProcessorBase.run(SocketProcessorBase.java:52)
		at org.apache.tomcat.util.threads.ThreadPoolExecutor.runWorker(ThreadPoolExecutor.java:1189)
		at org.apache.tomcat.util.threads.ThreadPoolExecutor$Worker.run(ThreadPoolExecutor.java:658)
		at org.apache.tomcat.util.threads.TaskThread$WrappingRunnable.run(TaskThread.java:63)
		at java.base/java.lang.Thread.run(Thread.java:833)
20-May-2025 16:02:47.604 GRAVE [http-nio-8080-exec-4] org.apache.catalina.core.StandardWrapperValve.invoke "Servlet.service()" pour la servlet [controller.MatiereServlet] a généré une exception
	java.lang.IllegalStateException: Impossible d'appeler "sendRedirect()" après que la réponse ait été envoyée
		at org.apache.catalina.connector.ResponseFacade.checkCommitted(ResponseFacade.java:543)
		at org.apache.catalina.connector.ResponseFacade.sendRedirect(ResponseFacade.java:392)
		at controller.MatiereServlet.doPost(MatiereServlet.java:52)
		at javax.servlet.http.HttpServlet.service(HttpServlet.java:555)
		at javax.servlet.http.HttpServlet.service(HttpServlet.java:623)
		at org.apache.catalina.core.ApplicationFilterChain.internalDoFilter(ApplicationFilterChain.java:199)
		at org.apache.catalina.core.ApplicationFilterChain.doFilter(ApplicationFilterChain.java:144)
		at org.apache.tomcat.websocket.server.WsFilter.doFilter(WsFilter.java:51)
		at org.apache.catalina.core.ApplicationFilterChain.internalDoFilter(ApplicationFilterChain.java:168)
		at org.apache.catalina.core.ApplicationFilterChain.doFilter(ApplicationFilterChain.java:144)
		at filter.AuthFilter.doFilter(AuthFilter.java:20)
		at org.apache.catalina.core.ApplicationFilterChain.internalDoFilter(ApplicationFilterChain.java:168)
		at org.apache.catalina.core.ApplicationFilterChain.doFilter(ApplicationFilterChain.java:144)
		at org.apache.catalina.core.StandardWrapperValve.invoke(StandardWrapperValve.java:168)
		at org.apache.catalina.core.StandardContextValve.invoke(StandardContextValve.java:90)
		at org.apache.catalina.authenticator.AuthenticatorBase.invoke(AuthenticatorBase.java:482)
		at org.apache.catalina.core.StandardHostValve.invoke(StandardHostValve.java:130)
		at org.apache.catalina.valves.ErrorReportValve.invoke(ErrorReportValve.java:93)
		at org.apache.catalina.valves.AbstractAccessLogValve.invoke(AbstractAccessLogValve.java:656)
		at org.apache.catalina.core.StandardEngineValve.invoke(StandardEngineValve.java:74)
		at org.apache.catalina.connector.CoyoteAdapter.service(CoyoteAdapter.java:346)
		at org.apache.coyote.http11.Http11Processor.service(Http11Processor.java:397)
		at org.apache.coyote.AbstractProcessorLight.process(AbstractProcessorLight.java:63)
		at org.apache.coyote.AbstractProtocol$ConnectionHandler.process(AbstractProtocol.java:935)
		at org.apache.tomcat.util.net.NioEndpoint$SocketProcessor.doRun(NioEndpoint.java:1792)
		at org.apache.tomcat.util.net.SocketProcessorBase.run(SocketProcessorBase.java:52)
		at org.apache.tomcat.util.threads.ThreadPoolExecutor.runWorker(ThreadPoolExecutor.java:1189)
		at org.apache.tomcat.util.threads.ThreadPoolExecutor$Worker.run(ThreadPoolExecutor.java:658)
		at org.apache.tomcat.util.threads.TaskThread$WrappingRunnable.run(TaskThread.java:63)
		at java.base/java.lang.Thread.run(Thread.java:833)
20-May-2025 16:05:38.226 GRAVE [http-nio-8080-exec-6] org.apache.catalina.core.StandardWrapperValve.invoke "Servlet.service()" pour la servlet [controller.CompteServlet] a généré une exception
	java.lang.IllegalStateException: Impossible d'appeler "sendRedirect()" après que la réponse ait été envoyée
		at org.apache.catalina.connector.ResponseFacade.checkCommitted(ResponseFacade.java:543)
		at org.apache.catalina.connector.ResponseFacade.sendRedirect(ResponseFacade.java:392)
		at controller.CompteServlet.doGet(CompteServlet.java:27)
		at javax.servlet.http.HttpServlet.service(HttpServlet.java:529)
		at javax.servlet.http.HttpServlet.service(HttpServlet.java:623)
		at org.apache.catalina.core.ApplicationFilterChain.internalDoFilter(ApplicationFilterChain.java:199)
		at org.apache.catalina.core.ApplicationFilterChain.doFilter(ApplicationFilterChain.java:144)
		at org.apache.tomcat.websocket.server.WsFilter.doFilter(WsFilter.java:51)
		at org.apache.catalina.core.ApplicationFilterChain.internalDoFilter(ApplicationFilterChain.java:168)
		at org.apache.catalina.core.ApplicationFilterChain.doFilter(ApplicationFilterChain.java:144)
		at filter.AuthFilter.doFilter(AuthFilter.java:20)
		at org.apache.catalina.core.ApplicationFilterChain.internalDoFilter(ApplicationFilterChain.java:168)
		at org.apache.catalina.core.ApplicationFilterChain.doFilter(ApplicationFilterChain.java:144)
		at org.apache.catalina.core.StandardWrapperValve.invoke(StandardWrapperValve.java:168)
		at org.apache.catalina.core.StandardContextValve.invoke(StandardContextValve.java:90)
		at org.apache.catalina.authenticator.AuthenticatorBase.invoke(AuthenticatorBase.java:482)
		at org.apache.catalina.core.StandardHostValve.invoke(StandardHostValve.java:130)
		at org.apache.catalina.valves.ErrorReportValve.invoke(ErrorReportValve.java:93)
		at org.apache.catalina.valves.AbstractAccessLogValve.invoke(AbstractAccessLogValve.java:656)
		at org.apache.catalina.core.StandardEngineValve.invoke(StandardEngineValve.java:74)
		at org.apache.catalina.connector.CoyoteAdapter.service(CoyoteAdapter.java:346)
		at org.apache.coyote.http11.Http11Processor.service(Http11Processor.java:397)
		at org.apache.coyote.AbstractProcessorLight.process(AbstractProcessorLight.java:63)
		at org.apache.coyote.AbstractProtocol$ConnectionHandler.process(AbstractProtocol.java:935)
		at org.apache.tomcat.util.net.NioEndpoint$SocketProcessor.doRun(NioEndpoint.java:1792)
		at org.apache.tomcat.util.net.SocketProcessorBase.run(SocketProcessorBase.java:52)
		at org.apache.tomcat.util.threads.ThreadPoolExecutor.runWorker(ThreadPoolExecutor.java:1189)
		at org.apache.tomcat.util.threads.ThreadPoolExecutor$Worker.run(ThreadPoolExecutor.java:658)
		at org.apache.tomcat.util.threads.TaskThread$WrappingRunnable.run(TaskThread.java:63)
		at java.base/java.lang.Thread.run(Thread.java:833)
20-May-2025 16:07:36.042 GRAVE [http-nio-8080-exec-1] org.apache.catalina.core.StandardWrapperValve.invoke "Servlet.service()" pour la servlet [controller.MatiereServlet] a généré une exception
	java.lang.IllegalStateException: Impossible d'appeler "sendRedirect()" après que la réponse ait été envoyée
		at org.apache.catalina.connector.ResponseFacade.checkCommitted(ResponseFacade.java:543)
		at org.apache.catalina.connector.ResponseFacade.sendRedirect(ResponseFacade.java:392)
		at controller.MatiereServlet.doGet(MatiereServlet.java:27)
		at javax.servlet.http.HttpServlet.service(HttpServlet.java:529)
		at javax.servlet.http.HttpServlet.service(HttpServlet.java:623)
		at org.apache.catalina.core.ApplicationFilterChain.internalDoFilter(ApplicationFilterChain.java:199)
		at org.apache.catalina.core.ApplicationFilterChain.doFilter(ApplicationFilterChain.java:144)
		at org.apache.tomcat.websocket.server.WsFilter.doFilter(WsFilter.java:51)
		at org.apache.catalina.core.ApplicationFilterChain.internalDoFilter(ApplicationFilterChain.java:168)
		at org.apache.catalina.core.ApplicationFilterChain.doFilter(ApplicationFilterChain.java:144)
		at filter.AuthFilter.doFilter(AuthFilter.java:20)
		at org.apache.catalina.core.ApplicationFilterChain.internalDoFilter(ApplicationFilterChain.java:168)
		at org.apache.catalina.core.ApplicationFilterChain.doFilter(ApplicationFilterChain.java:144)
		at org.apache.catalina.core.StandardWrapperValve.invoke(StandardWrapperValve.java:168)
		at org.apache.catalina.core.StandardContextValve.invoke(StandardContextValve.java:90)
		at org.apache.catalina.authenticator.AuthenticatorBase.invoke(AuthenticatorBase.java:482)
		at org.apache.catalina.core.StandardHostValve.invoke(StandardHostValve.java:130)
		at org.apache.catalina.valves.ErrorReportValve.invoke(ErrorReportValve.java:93)
		at org.apache.catalina.valves.AbstractAccessLogValve.invoke(AbstractAccessLogValve.java:656)
		at org.apache.catalina.core.StandardEngineValve.invoke(StandardEngineValve.java:74)
		at org.apache.catalina.connector.CoyoteAdapter.service(CoyoteAdapter.java:346)
		at org.apache.coyote.http11.Http11Processor.service(Http11Processor.java:397)
		at org.apache.coyote.AbstractProcessorLight.process(AbstractProcessorLight.java:63)
		at org.apache.coyote.AbstractProtocol$ConnectionHandler.process(AbstractProtocol.java:935)
		at org.apache.tomcat.util.net.NioEndpoint$SocketProcessor.doRun(NioEndpoint.java:1792)
		at org.apache.tomcat.util.net.SocketProcessorBase.run(SocketProcessorBase.java:52)
		at org.apache.tomcat.util.threads.ThreadPoolExecutor.runWorker(ThreadPoolExecutor.java:1189)
		at org.apache.tomcat.util.threads.ThreadPoolExecutor$Worker.run(ThreadPoolExecutor.java:658)
		at org.apache.tomcat.util.threads.TaskThread$WrappingRunnable.run(TaskThread.java:63)
		at java.base/java.lang.Thread.run(Thread.java:833)
20-May-2025 16:08:59.624 INFOS [Thread-1] org.apache.catalina.core.ApplicationContext.log SessionListener: contextDestroyed()
20-May-2025 16:08:59.624 INFOS [Thread-1] org.apache.catalina.core.ApplicationContext.log ContextListener: contextDestroyed()
20-May-2025 16:09:30.384 INFOS [main] org.apache.catalina.core.ApplicationContext.log ContextListener: contextInitialized()
20-May-2025 16:09:30.385 INFOS [main] org.apache.catalina.core.ApplicationContext.log SessionListener: contextInitialized()
20-May-2025 16:09:30.390 INFOS [main] org.apache.catalina.core.ApplicationContext.log ContextListener: attributeAdded('StockTicker', 'async.Stockticker@1bb96449')
20-May-2025 16:22:47.552 INFOS [Thread-1] org.apache.catalina.core.ApplicationContext.log SessionListener: contextDestroyed()
20-May-2025 16:22:47.552 INFOS [Thread-1] org.apache.catalina.core.ApplicationContext.log ContextListener: contextDestroyed()
20-May-2025 16:23:17.557 INFOS [main] org.apache.catalina.core.ApplicationContext.log ContextListener: contextInitialized()
20-May-2025 16:23:17.557 INFOS [main] org.apache.catalina.core.ApplicationContext.log SessionListener: contextInitialized()
20-May-2025 16:23:17.557 INFOS [main] org.apache.catalina.core.ApplicationContext.log ContextListener: attributeAdded('StockTicker', 'async.Stockticker@34f23816')
20-May-2025 16:44:31.440 INFOS [Thread-1] org.apache.catalina.core.ApplicationContext.log SessionListener: contextDestroyed()
20-May-2025 16:44:31.440 INFOS [Thread-1] org.apache.catalina.core.ApplicationContext.log ContextListener: contextDestroyed()
20-May-2025 16:45:10.124 INFOS [main] org.apache.catalina.core.ApplicationContext.log ContextListener: contextInitialized()
20-May-2025 16:45:10.124 INFOS [main] org.apache.catalina.core.ApplicationContext.log SessionListener: contextInitialized()
20-May-2025 16:45:10.129 INFOS [main] org.apache.catalina.core.ApplicationContext.log ContextListener: attributeAdded('StockTicker', 'async.Stockticker@1d226f27')
20-May-2025 16:52:11.648 INFOS [Thread-1] org.apache.catalina.core.ApplicationContext.log SessionListener: contextDestroyed()
20-May-2025 16:52:11.650 INFOS [Thread-1] org.apache.catalina.core.ApplicationContext.log ContextListener: contextDestroyed()
20-May-2025 16:54:01.788 INFOS [main] org.apache.catalina.core.ApplicationContext.log ContextListener: contextInitialized()
20-May-2025 16:54:01.789 INFOS [main] org.apache.catalina.core.ApplicationContext.log SessionListener: contextInitialized()
20-May-2025 16:54:01.792 INFOS [main] org.apache.catalina.core.ApplicationContext.log ContextListener: attributeAdded('StockTicker', 'async.Stockticker@619c3546')
20-May-2025 17:00:04.944 INFOS [Thread-1] org.apache.catalina.core.ApplicationContext.log SessionListener: contextDestroyed()
20-May-2025 17:00:04.945 INFOS [Thread-1] org.apache.catalina.core.ApplicationContext.log ContextListener: contextDestroyed()
20-May-2025 17:01:46.299 INFOS [main] org.apache.catalina.core.ApplicationContext.log ContextListener: contextInitialized()
20-May-2025 17:01:46.300 INFOS [main] org.apache.catalina.core.ApplicationContext.log SessionListener: contextInitialized()
20-May-2025 17:01:46.304 INFOS [main] org.apache.catalina.core.ApplicationContext.log ContextListener: attributeAdded('StockTicker', 'async.Stockticker@7548e1fb')
20-May-2025 17:09:13.542 INFOS [Thread-1] org.apache.catalina.core.ApplicationContext.log SessionListener: contextDestroyed()
20-May-2025 17:09:13.542 INFOS [Thread-1] org.apache.catalina.core.ApplicationContext.log ContextListener: contextDestroyed()
